\BOOKMARK [1][-]{section.1}{\376\377\200\314\146\157\116\313\176\315}{}% 1
\BOOKMARK [1][-]{section.2}{\376\377\200\003\206\121\117\001\116\032\215\043\116\373\166\204\145\077\117\001\200\124\124\010\120\250\131\007\121\263\173\126\152\041\127\213}{}% 2
\BOOKMARK [2][-]{subsection.2.1}{\376\377\122\115\143\320\124\214\120\107\213\276}{section.2}% 3
\BOOKMARK [2][-]{subsection.2.2}{\376\377\136\224\140\045\162\151\215\104\227\000\154\102\151\202\163\207\122\006\136\003\121\375\145\160}{section.2}% 4
\BOOKMARK [2][-]{subsection.2.3}{\376\377\152\041\127\213\147\204\136\372}{section.2}% 5
\BOOKMARK [3][-]{subsubsection.2.3.1}{\376\377\145\077\136\234\145\271\147\037\147\033\145\066\166\312}{subsection.2.3}% 6
\BOOKMARK [3][-]{subsubsection.2.3.2}{\376\377\117\001\116\032\147\037\147\033\145\066\166\312}{subsection.2.3}% 7
\BOOKMARK [1][-]{section.3}{\376\377\152\041\127\213\154\102\211\343}{}% 8
\BOOKMARK [2][-]{subsection.3.1}{\376\377\117\001\116\032\147\000\117\030\124\315\136\224}{section.3}% 9
\BOOKMARK [3][-]{subsubsection.3.1.1}{\376\377\170\156\133\232\147\000\117\030\143\120\215\140\221\317\000Q\000j}{subsection.3.1}% 10
\BOOKMARK [3][-]{subsubsection.3.1.2}{\376\377\170\156\133\232\147\000\117\030\120\250\131\007\221\317\000q}{subsection.3.1}% 11
\BOOKMARK [2][-]{subsection.3.2}{\376\377\145\077\136\234\147\000\117\030\121\263\173\126}{section.3}% 12
\BOOKMARK [2][-]{subsection.3.3}{\376\377\136\217\122\027\147\000\134\017\116\214\116\130\116\214\153\041\211\304\122\022}{section.3}% 13
\BOOKMARK [1][-]{section.4}{\376\377\173\227\117\213\122\006\147\220}{}% 14
\BOOKMARK [2][-]{subsection.4.1}{\376\377\173\227\117\213\140\305\146\157\116\313\176\315}{section.4}% 15
\BOOKMARK [2][-]{subsection.4.2}{\376\377\136\224\140\045\162\151\215\104\227\000\154\102\151\202\163\207\122\006\136\003\121\375\145\160\136\372\152\041}{section.4}% 16
\BOOKMARK [2][-]{subsection.4.3}{\376\377\150\110\117\213\213\241\173\227\176\323\147\234\116\016\145\117\141\037\140\047\122\006\147\220}{section.4}% 17
\BOOKMARK [3][-]{subsubsection.4.3.1}{\376\377\116\015\124\014\227\000\154\102\122\006\136\003\116\013\166\204\147\000\117\030\120\250\131\007\176\323\147\204\133\371\153\324}{subsection.4.3}% 18
\BOOKMARK [3][-]{subsubsection.4.3.2}{\376\377\145\117\141\037\140\047\122\006\147\220}{subsection.4.3}% 19
\BOOKMARK [2][-]{subsection.4.4}{\376\377\173\227\154\325\133\271\135\356\122\006\147\220\116\016\147\011\145\110\140\047\232\214\213\301}{section.4}% 20
\BOOKMARK [1][-]{section.5}{\376\377\176\323\213\272}{}% 21
